<?xml version="1.0" encoding="UTF-8"?>
<testsuite name="app.humit.backendtest.InventoryTest" tests="4" skipped="0" failures="0" errors="0" timestamp="2021-04-08T05:57:21" hostname="msi" time="0.003">
  <properties/>
  <testcase name="testAddItem()" classname="app.humit.backendtest.InventoryTest" time="0.001"/>
  <testcase name="testItemsToRefill()" classname="app.humit.backendtest.InventoryTest" time="0.001"/>
  <testcase name="testItemUnavailable()" classname="app.humit.backendtest.InventoryTest" time="0.001"/>
  <testcase name="testItemLowInStock()" classname="app.humit.backendtest.InventoryTest" time="0.0"/>
  <system-out><![CDATA[]]></system-out>
  <system-err><![CDATA[]]></system-err>
</testsuite>
