<?xml version="1.0" encoding="UTF-8"?>
<testsuite name="app.humit.backendtest.InventoryItemTest" tests="2" skipped="0" failures="0" errors="0" timestamp="2021-04-08T05:57:21" hostname="msi" time="0.017">
  <properties/>
  <testcase name="testAdd()" classname="app.humit.backendtest.InventoryItemTest" time="0.015"/>
  <testcase name="testConsume()" classname="app.humit.backendtest.InventoryItemTest" time="0.001"/>
  <system-out><![CDATA[]]></system-out>
  <system-err><![CDATA[]]></system-err>
</testsuite>
